<?xml version="1.0" encoding="UTF-8"?>
<testsuite xmlns:xsi="http://www.w3.org/2001/XMLSchema-instance" xsi:noNamespaceSchemaLocation="https://maven.apache.org/surefire/maven-surefire-plugin/xsd/surefire-test-report.xsd" version="3.0.1" name="PavanSolutions._Maven_Project_Creation_In_Eclipse_And_JDBC_Connection.AppTest" time="0.071" tests="1" errors="0" skipped="0" failures="0">
  <properties>
[...]
</properties>
  <testcase name="shouldAnswerWithTrue" classname="PavanSolutions._Maven_Project_Creation_In_Eclipse_And_JDBC_Connection.AppTest" time="0.033"/>
</testsuite>